This is pdfTeX, Version 3.14159265-2.6-1.40.20 (MiKTeX 2.9.6960 64-bit) (preloaded format=pdflatex 2019.3.9)  25 MAY 2019 16:26
entering extended mode
**./TER
(TER
LaTeX2e <2018-12-01>

("C:\Users\Moli Oujia\AppData\Local\Programs\MiKTeX 2.9\tex/latex/base\article.
cls"
Document Class: article 2018/09/03 v1.4i Standard LaTeX document class

("C:\Users\Moli Oujia\AppData\Local\Programs\MiKTeX 2.9\tex/latex/base\size12.c
lo"
File: size12.clo 2018/09/03 v1.4i Standard LaTeX file (size option)
)
\c@part=\count80
\c@section=\count81
\c@subsection=\count82
\c@subsubsection=\count83
\c@paragraph=\count84
\c@subparagraph=\count85
\c@figure=\count86
\c@table=\count87
\abovecaptionskip=\skip41
\belowcaptionskip=\skip42
\bibindent=\dimen102
)
("C:\Users\Moli Oujia\AppData\Local\Programs\MiKTeX 2.9\tex/latex/amscls\amsthm
.sty"
Package: amsthm 2017/10/31 v2.20.4
\thm@style=\toks14
\thm@bodyfont=\toks15
\thm@headfont=\toks16
\thm@notefont=\toks17
\thm@headpunct=\toks18
\thm@preskip=\skip43
\thm@postskip=\skip44
\thm@headsep=\skip45
\dth@everypar=\toks19
)
("C:\Users\Moli Oujia\AppData\Local\Programs\MiKTeX 2.9\tex/latex/amsmath\amsma
th.sty"
Package: amsmath 2018/12/01 v2.17b AMS math features
\@mathmargin=\skip46

For additional information on amsmath, use the `?' option.

("C:\Users\Moli Oujia\AppData\Local\Programs\MiKTeX 2.9\tex/latex/amsmath\amste
xt.sty"
Package: amstext 2000/06/29 v2.01 AMS text

("C:\Users\Moli Oujia\AppData\Local\Programs\MiKTeX 2.9\tex/latex/amsmath\amsge
n.sty"
File: amsgen.sty 1999/11/30 v2.0 generic functions
\@emptytoks=\toks20
\ex@=\dimen103
))
("C:\Users\Moli Oujia\AppData\Local\Programs\MiKTeX 2.9\tex/latex/amsmath\amsbs
y.sty"
Package: amsbsy 1999/11/29 v1.2d Bold Symbols
\pmbraise@=\dimen104
)
("C:\Users\Moli Oujia\AppData\Local\Programs\MiKTeX 2.9\tex/latex/amsmath\amsop
n.sty"
Package: amsopn 2016/03/08 v2.02 operator names
)
\inf@bad=\count88
LaTeX Info: Redefining \frac on input line 223.
\uproot@=\count89
\leftroot@=\count90
LaTeX Info: Redefining \overline on input line 385.
\classnum@=\count91
\DOTSCASE@=\count92
LaTeX Info: Redefining \ldots on input line 482.
LaTeX Info: Redefining \dots on input line 485.
LaTeX Info: Redefining \cdots on input line 606.
\Mathstrutbox@=\box27
\strutbox@=\box28
\big@size=\dimen105
LaTeX Font Info:    Redeclaring font encoding OML on input line 729.
LaTeX Font Info:    Redeclaring font encoding OMS on input line 730.
\macc@depth=\count93
\c@MaxMatrixCols=\count94
\dotsspace@=\muskip10
\c@parentequation=\count95
\dspbrk@lvl=\count96
\tag@help=\toks21
\row@=\count97
\column@=\count98
\maxfields@=\count99
\andhelp@=\toks22
\eqnshift@=\dimen106
\alignsep@=\dimen107
\tagshift@=\dimen108
\tagwidth@=\dimen109
\totwidth@=\dimen110
\lineht@=\dimen111
\@envbody=\toks23
\multlinegap=\skip47
\multlinetaggap=\skip48
\mathdisplay@stack=\toks24
LaTeX Info: Redefining \[ on input line 2844.
LaTeX Info: Redefining \] on input line 2845.
)
("C:\Users\Moli Oujia\AppData\Local\Programs\MiKTeX 2.9\tex/latex/amsfonts\amss
ymb.sty"
Package: amssymb 2013/01/14 v3.01 AMS font symbols

("C:\Users\Moli Oujia\AppData\Local\Programs\MiKTeX 2.9\tex/latex/amsfonts\amsf
onts.sty"
Package: amsfonts 2013/01/14 v3.01 Basic AMSFonts support
\symAMSa=\mathgroup4
\symAMSb=\mathgroup5
LaTeX Font Info:    Overwriting math alphabet `\mathfrak' in version `bold'
(Font)                  U/euf/m/n --> U/euf/b/n on input line 106.
))
("C:\Users\Moli Oujia\AppData\Local\Programs\MiKTeX 2.9\tex/latex/pgf/frontendl
ayer\tikz.sty"
("C:\Users\Moli Oujia\AppData\Local\Programs\MiKTeX 2.9\tex/latex/pgf/basiclaye
r\pgf.sty"
("C:\Users\Moli Oujia\AppData\Local\Programs\MiKTeX 2.9\tex/latex/pgf/utilities
\pgfrcs.sty"
("C:\Users\Moli Oujia\AppData\Local\Programs\MiKTeX 2.9\tex/generic/pgf/utiliti
es\pgfutil-common.tex"
\pgfutil@everybye=\toks25
\pgfutil@tempdima=\dimen112
\pgfutil@tempdimb=\dimen113

("C:\Users\Moli Oujia\AppData\Local\Programs\MiKTeX 2.9\tex/generic/pgf/utiliti
es\pgfutil-common-lists.tex"))
("C:\Users\Moli Oujia\AppData\Local\Programs\MiKTeX 2.9\tex/generic/pgf/utiliti
es\pgfutil-latex.def"
\pgfutil@abb=\box29

("C:\Users\Moli Oujia\AppData\Local\Programs\MiKTeX 2.9\tex/latex/ms\everyshi.s
ty"
Package: everyshi 2001/05/15 v3.00 EveryShipout Package (MS)
))
("C:\Users\Moli Oujia\AppData\Local\Programs\MiKTeX 2.9\tex/generic/pgf/utiliti
es\pgfrcs.code.tex"
("C:\Users\Moli Oujia\AppData\Local\Programs\MiKTeX 2.9\tex/generic/pgf\pgf.rev
ision.tex")
Package: pgfrcs 2019/02/02 v3.1.1 (3.1.1)
))
Package: pgf 2019/02/02 v3.1.1 (3.1.1)

("C:\Users\Moli Oujia\AppData\Local\Programs\MiKTeX 2.9\tex/latex/pgf/basiclaye
r\pgfcore.sty"
("C:\Users\Moli Oujia\AppData\Local\Programs\MiKTeX 2.9\tex/latex/graphics\grap
hicx.sty"
Package: graphicx 2017/06/01 v1.1a Enhanced LaTeX Graphics (DPC,SPQR)

("C:\Users\Moli Oujia\AppData\Local\Programs\MiKTeX 2.9\tex/latex/graphics\keyv
al.sty"
Package: keyval 2014/10/28 v1.15 key=value parser (DPC)
\KV@toks@=\toks26
)
("C:\Users\Moli Oujia\AppData\Local\Programs\MiKTeX 2.9\tex/latex/graphics\grap
hics.sty"
Package: graphics 2017/06/25 v1.2c Standard LaTeX Graphics (DPC,SPQR)

("C:\Users\Moli Oujia\AppData\Local\Programs\MiKTeX 2.9\tex/latex/graphics\trig
.sty"
Package: trig 2016/01/03 v1.10 sin cos tan (DPC)
)
("C:\Users\Moli Oujia\AppData\Local\Programs\MiKTeX 2.9\tex/latex/graphics-cfg\
graphics.cfg"
File: graphics.cfg 2016/06/04 v1.11 sample graphics configuration
)
Package graphics Info: Driver file: pdftex.def on input line 99.

("C:\Users\Moli Oujia\AppData\Local\Programs\MiKTeX 2.9\tex/latex/graphics-def\
pdftex.def"
File: pdftex.def 2018/01/08 v1.0l Graphics/color driver for pdftex
))
\Gin@req@height=\dimen114
\Gin@req@width=\dimen115
)
("C:\Users\Moli Oujia\AppData\Local\Programs\MiKTeX 2.9\tex/latex/pgf/systemlay
er\pgfsys.sty"
("C:\Users\Moli Oujia\AppData\Local\Programs\MiKTeX 2.9\tex/generic/pgf/systeml
ayer\pgfsys.code.tex"
Package: pgfsys 2019/02/02 v3.1.1 (3.1.1)

("C:\Users\Moli Oujia\AppData\Local\Programs\MiKTeX 2.9\tex/generic/pgf/utiliti
es\pgfkeys.code.tex"
\pgfkeys@pathtoks=\toks27
\pgfkeys@temptoks=\toks28

("C:\Users\Moli Oujia\AppData\Local\Programs\MiKTeX 2.9\tex/generic/pgf/utiliti
es\pgfkeysfiltered.code.tex"
\pgfkeys@tmptoks=\toks29
))
\pgf@x=\dimen116
\pgf@y=\dimen117
\pgf@xa=\dimen118
\pgf@ya=\dimen119
\pgf@xb=\dimen120
\pgf@yb=\dimen121
\pgf@xc=\dimen122
\pgf@yc=\dimen123
\w@pgf@writea=\write3
\r@pgf@reada=\read1
\c@pgf@counta=\count100
\c@pgf@countb=\count101
\c@pgf@countc=\count102
\c@pgf@countd=\count103
\t@pgf@toka=\toks30
\t@pgf@tokb=\toks31
\t@pgf@tokc=\toks32
\pgf@sys@id@count=\count104

("C:\Users\Moli Oujia\AppData\Local\Programs\MiKTeX 2.9\tex/generic/pgf/systeml
ayer\pgf.cfg"
File: pgf.cfg 2019/02/02 v3.1.1 (3.1.1)
)
Driver file for pgf: pgfsys-pdftex.def

("C:\Users\Moli Oujia\AppData\Local\Programs\MiKTeX 2.9\tex/generic/pgf/systeml
ayer\pgfsys-pdftex.def"
File: pgfsys-pdftex.def 2019/02/02 v3.1.1 (3.1.1)

("C:\Users\Moli Oujia\AppData\Local\Programs\MiKTeX 2.9\tex/generic/pgf/systeml
ayer\pgfsys-common-pdf.def"
File: pgfsys-common-pdf.def 2019/02/02 v3.1.1 (3.1.1)
)))
("C:\Users\Moli Oujia\AppData\Local\Programs\MiKTeX 2.9\tex/generic/pgf/systeml
ayer\pgfsyssoftpath.code.tex"
File: pgfsyssoftpath.code.tex 2019/02/02 v3.1.1 (3.1.1)
\pgfsyssoftpath@smallbuffer@items=\count105
\pgfsyssoftpath@bigbuffer@items=\count106
)
("C:\Users\Moli Oujia\AppData\Local\Programs\MiKTeX 2.9\tex/generic/pgf/systeml
ayer\pgfsysprotocol.code.tex"
File: pgfsysprotocol.code.tex 2019/02/02 v3.1.1 (3.1.1)
))
("C:\Users\Moli Oujia\AppData\Local\Programs\MiKTeX 2.9\tex/latex/xcolor\xcolor
.sty"
Package: xcolor 2016/05/11 v2.12 LaTeX color extensions (UK)

("C:\Users\Moli Oujia\AppData\Local\Programs\MiKTeX 2.9\tex/latex/graphics-cfg\
color.cfg"
File: color.cfg 2016/01/02 v1.6 sample color configuration
)
Package xcolor Info: Driver file: pdftex.def on input line 225.
Package xcolor Info: Model `cmy' substituted by `cmy0' on input line 1348.
Package xcolor Info: Model `hsb' substituted by `rgb' on input line 1352.
Package xcolor Info: Model `RGB' extended on input line 1364.
Package xcolor Info: Model `HTML' substituted by `rgb' on input line 1366.
Package xcolor Info: Model `Hsb' substituted by `hsb' on input line 1367.
Package xcolor Info: Model `tHsb' substituted by `hsb' on input line 1368.
Package xcolor Info: Model `HSB' substituted by `hsb' on input line 1369.
Package xcolor Info: Model `Gray' substituted by `gray' on input line 1370.
Package xcolor Info: Model `wave' substituted by `hsb' on input line 1371.
)
("C:\Users\Moli Oujia\AppData\Local\Programs\MiKTeX 2.9\tex/generic/pgf/basicla
yer\pgfcore.code.tex"
Package: pgfcore 2019/02/02 v3.1.1 (3.1.1)

("C:\Users\Moli Oujia\AppData\Local\Programs\MiKTeX 2.9\tex/generic/pgf/math\pg
fmath.code.tex"
("C:\Users\Moli Oujia\AppData\Local\Programs\MiKTeX 2.9\tex/generic/pgf/math\pg
fmathcalc.code.tex"
("C:\Users\Moli Oujia\AppData\Local\Programs\MiKTeX 2.9\tex/generic/pgf/math\pg
fmathutil.code.tex")
("C:\Users\Moli Oujia\AppData\Local\Programs\MiKTeX 2.9\tex/generic/pgf/math\pg
fmathparser.code.tex"
\pgfmath@dimen=\dimen124
\pgfmath@count=\count107
\pgfmath@box=\box30
\pgfmath@toks=\toks33
\pgfmath@stack@operand=\toks34
\pgfmath@stack@operation=\toks35
)
("C:\Users\Moli Oujia\AppData\Local\Programs\MiKTeX 2.9\tex/generic/pgf/math\pg
fmathfunctions.code.tex"
("C:\Users\Moli Oujia\AppData\Local\Programs\MiKTeX 2.9\tex/generic/pgf/math\pg
fmathfunctions.basic.code.tex")
("C:\Users\Moli Oujia\AppData\Local\Programs\MiKTeX 2.9\tex/generic/pgf/math\pg
fmathfunctions.trigonometric.code.tex")
("C:\Users\Moli Oujia\AppData\Local\Programs\MiKTeX 2.9\tex/generic/pgf/math\pg
fmathfunctions.random.code.tex")
("C:\Users\Moli Oujia\AppData\Local\Programs\MiKTeX 2.9\tex/generic/pgf/math\pg
fmathfunctions.comparison.code.tex")
("C:\Users\Moli Oujia\AppData\Local\Programs\MiKTeX 2.9\tex/generic/pgf/math\pg
fmathfunctions.base.code.tex")
("C:\Users\Moli Oujia\AppData\Local\Programs\MiKTeX 2.9\tex/generic/pgf/math\pg
fmathfunctions.round.code.tex")
("C:\Users\Moli Oujia\AppData\Local\Programs\MiKTeX 2.9\tex/generic/pgf/math\pg
fmathfunctions.misc.code.tex")
("C:\Users\Moli Oujia\AppData\Local\Programs\MiKTeX 2.9\tex/generic/pgf/math\pg
fmathfunctions.integerarithmetics.code.tex")))
("C:\Users\Moli Oujia\AppData\Local\Programs\MiKTeX 2.9\tex/generic/pgf/math\pg
fmathfloat.code.tex"
\c@pgfmathroundto@lastzeros=\count108
))
("C:\Users\Moli Oujia\AppData\Local\Programs\MiKTeX 2.9\tex/generic/pgf/basicla
yer\pgfcorepoints.code.tex"
File: pgfcorepoints.code.tex 2019/02/02 v3.1.1 (3.1.1)
\pgf@picminx=\dimen125
\pgf@picmaxx=\dimen126
\pgf@picminy=\dimen127
\pgf@picmaxy=\dimen128
\pgf@pathminx=\dimen129
\pgf@pathmaxx=\dimen130
\pgf@pathminy=\dimen131
\pgf@pathmaxy=\dimen132
\pgf@xx=\dimen133
\pgf@xy=\dimen134
\pgf@yx=\dimen135
\pgf@yy=\dimen136
\pgf@zx=\dimen137
\pgf@zy=\dimen138
)
("C:\Users\Moli Oujia\AppData\Local\Programs\MiKTeX 2.9\tex/generic/pgf/basicla
yer\pgfcorepathconstruct.code.tex"
File: pgfcorepathconstruct.code.tex 2019/02/02 v3.1.1 (3.1.1)
\pgf@path@lastx=\dimen139
\pgf@path@lasty=\dimen140
)
("C:\Users\Moli Oujia\AppData\Local\Programs\MiKTeX 2.9\tex/generic/pgf/basicla
yer\pgfcorepathusage.code.tex"
File: pgfcorepathusage.code.tex 2019/02/02 v3.1.1 (3.1.1)
\pgf@shorten@end@additional=\dimen141
\pgf@shorten@start@additional=\dimen142
)
("C:\Users\Moli Oujia\AppData\Local\Programs\MiKTeX 2.9\tex/generic/pgf/basicla
yer\pgfcorescopes.code.tex"
File: pgfcorescopes.code.tex 2019/02/02 v3.1.1 (3.1.1)
\pgfpic=\box31
\pgf@hbox=\box32
\pgf@layerbox@main=\box33
\pgf@picture@serial@count=\count109
)
("C:\Users\Moli Oujia\AppData\Local\Programs\MiKTeX 2.9\tex/generic/pgf/basicla
yer\pgfcoregraphicstate.code.tex"
File: pgfcoregraphicstate.code.tex 2019/02/02 v3.1.1 (3.1.1)
\pgflinewidth=\dimen143
)
("C:\Users\Moli Oujia\AppData\Local\Programs\MiKTeX 2.9\tex/generic/pgf/basicla
yer\pgfcoretransformations.code.tex"
File: pgfcoretransformations.code.tex 2019/02/02 v3.1.1 (3.1.1)
\pgf@pt@x=\dimen144
\pgf@pt@y=\dimen145
\pgf@pt@temp=\dimen146
)
("C:\Users\Moli Oujia\AppData\Local\Programs\MiKTeX 2.9\tex/generic/pgf/basicla
yer\pgfcorequick.code.tex"
File: pgfcorequick.code.tex 2019/02/02 v3.1.1 (3.1.1)
)
("C:\Users\Moli Oujia\AppData\Local\Programs\MiKTeX 2.9\tex/generic/pgf/basicla
yer\pgfcoreobjects.code.tex"
File: pgfcoreobjects.code.tex 2019/02/02 v3.1.1 (3.1.1)
)
("C:\Users\Moli Oujia\AppData\Local\Programs\MiKTeX 2.9\tex/generic/pgf/basicla
yer\pgfcorepathprocessing.code.tex"
File: pgfcorepathprocessing.code.tex 2019/02/02 v3.1.1 (3.1.1)
)
("C:\Users\Moli Oujia\AppData\Local\Programs\MiKTeX 2.9\tex/generic/pgf/basicla
yer\pgfcorearrows.code.tex"
File: pgfcorearrows.code.tex 2019/02/02 v3.1.1 (3.1.1)
\pgfarrowsep=\dimen147
)
("C:\Users\Moli Oujia\AppData\Local\Programs\MiKTeX 2.9\tex/generic/pgf/basicla
yer\pgfcoreshade.code.tex"
File: pgfcoreshade.code.tex 2019/02/02 v3.1.1 (3.1.1)
\pgf@max=\dimen148
\pgf@sys@shading@range@num=\count110
)
("C:\Users\Moli Oujia\AppData\Local\Programs\MiKTeX 2.9\tex/generic/pgf/basicla
yer\pgfcoreimage.code.tex"
File: pgfcoreimage.code.tex 2019/02/02 v3.1.1 (3.1.1)

("C:\Users\Moli Oujia\AppData\Local\Programs\MiKTeX 2.9\tex/generic/pgf/basicla
yer\pgfcoreexternal.code.tex"
File: pgfcoreexternal.code.tex 2019/02/02 v3.1.1 (3.1.1)
\pgfexternal@startupbox=\box34
))
("C:\Users\Moli Oujia\AppData\Local\Programs\MiKTeX 2.9\tex/generic/pgf/basicla
yer\pgfcorelayers.code.tex"
File: pgfcorelayers.code.tex 2019/02/02 v3.1.1 (3.1.1)
)
("C:\Users\Moli Oujia\AppData\Local\Programs\MiKTeX 2.9\tex/generic/pgf/basicla
yer\pgfcoretransparency.code.tex"
File: pgfcoretransparency.code.tex 2019/02/02 v3.1.1 (3.1.1)
)
("C:\Users\Moli Oujia\AppData\Local\Programs\MiKTeX 2.9\tex/generic/pgf/basicla
yer\pgfcorepatterns.code.tex"
File: pgfcorepatterns.code.tex 2019/02/02 v3.1.1 (3.1.1)
)
("C:\Users\Moli Oujia\AppData\Local\Programs\MiKTeX 2.9\tex/generic/pgf/basicla
yer\pgfcorerdf.code.tex"
File: pgfcorerdf.code.tex 2019/02/02 v3.1.1 (3.1.1)
)))
("C:\Users\Moli Oujia\AppData\Local\Programs\MiKTeX 2.9\tex/generic/pgf/modules
\pgfmoduleshapes.code.tex"
File: pgfmoduleshapes.code.tex 2019/02/02 v3.1.1 (3.1.1)
\pgfnodeparttextbox=\box35
)
("C:\Users\Moli Oujia\AppData\Local\Programs\MiKTeX 2.9\tex/generic/pgf/modules
\pgfmoduleplot.code.tex"
File: pgfmoduleplot.code.tex 2019/02/02 v3.1.1 (3.1.1)
)
("C:\Users\Moli Oujia\AppData\Local\Programs\MiKTeX 2.9\tex/latex/pgf/compatibi
lity\pgfcomp-version-0-65.sty"
Package: pgfcomp-version-0-65 2019/02/02 v3.1.1 (3.1.1)
\pgf@nodesepstart=\dimen149
\pgf@nodesepend=\dimen150
)
("C:\Users\Moli Oujia\AppData\Local\Programs\MiKTeX 2.9\tex/latex/pgf/compatibi
lity\pgfcomp-version-1-18.sty"
Package: pgfcomp-version-1-18 2019/02/02 v3.1.1 (3.1.1)
))
("C:\Users\Moli Oujia\AppData\Local\Programs\MiKTeX 2.9\tex/latex/pgf/utilities
\pgffor.sty"
("C:\Users\Moli Oujia\AppData\Local\Programs\MiKTeX 2.9\tex/latex/pgf/utilities
\pgfkeys.sty"
("C:\Users\Moli Oujia\AppData\Local\Programs\MiKTeX 2.9\tex/generic/pgf/utiliti
es\pgfkeys.code.tex"))
("C:\Users\Moli Oujia\AppData\Local\Programs\MiKTeX 2.9\tex/latex/pgf/math\pgfm
ath.sty"
("C:\Users\Moli Oujia\AppData\Local\Programs\MiKTeX 2.9\tex/generic/pgf/math\pg
fmath.code.tex"))
("C:\Users\Moli Oujia\AppData\Local\Programs\MiKTeX 2.9\tex/generic/pgf/utiliti
es\pgffor.code.tex"
Package: pgffor 2019/02/02 v3.1.1 (3.1.1)

("C:\Users\Moli Oujia\AppData\Local\Programs\MiKTeX 2.9\tex/generic/pgf/math\pg
fmath.code.tex")
\pgffor@iter=\dimen151
\pgffor@skip=\dimen152
\pgffor@stack=\toks36
\pgffor@toks=\toks37
))
("C:\Users\Moli Oujia\AppData\Local\Programs\MiKTeX 2.9\tex/generic/pgf/fronten
dlayer/tikz\tikz.code.tex"
Package: tikz 2019/02/02 v3.1.1 (3.1.1)

("C:\Users\Moli Oujia\AppData\Local\Programs\MiKTeX 2.9\tex/generic/pgf/librari
es\pgflibraryplothandlers.code.tex"
File: pgflibraryplothandlers.code.tex 2019/02/02 v3.1.1 (3.1.1)
\pgf@plot@mark@count=\count111
\pgfplotmarksize=\dimen153
)
\tikz@lastx=\dimen154
\tikz@lasty=\dimen155
\tikz@lastxsaved=\dimen156
\tikz@lastysaved=\dimen157
\tikzleveldistance=\dimen158
\tikzsiblingdistance=\dimen159
\tikz@figbox=\box36
\tikz@figbox@bg=\box37
\tikz@tempbox=\box38
\tikz@tempbox@bg=\box39
\tikztreelevel=\count112
\tikznumberofchildren=\count113
\tikznumberofcurrentchild=\count114
\tikz@fig@count=\count115

("C:\Users\Moli Oujia\AppData\Local\Programs\MiKTeX 2.9\tex/generic/pgf/modules
\pgfmodulematrix.code.tex"
File: pgfmodulematrix.code.tex 2019/02/02 v3.1.1 (3.1.1)
\pgfmatrixcurrentrow=\count116
\pgfmatrixcurrentcolumn=\count117
\pgf@matrix@numberofcolumns=\count118
)
\tikz@expandcount=\count119

("C:\Users\Moli Oujia\AppData\Local\Programs\MiKTeX 2.9\tex/generic/pgf/fronten
dlayer/tikz/libraries\tikzlibrarytopaths.code.tex"
File: tikzlibrarytopaths.code.tex 2019/02/02 v3.1.1 (3.1.1)
)))
("C:\Users\Moli Oujia\AppData\Local\Programs\MiKTeX 2.9\tex/latex/float\float.s
ty"
Package: float 2001/11/08 v1.3d Float enhancements (AL)
\c@float@type=\count120
\float@exts=\toks38
\float@box=\box40
\@float@everytoks=\toks39
\@floatcapt=\box41
)
("C:\Users\Moli Oujia\AppData\Local\Programs\MiKTeX 2.9\tex/latex/hyperref\hype
rref.sty"
Package: hyperref 2018/11/30 v6.88e Hypertext links for LaTeX

("C:\Users\Moli Oujia\AppData\Local\Programs\MiKTeX 2.9\tex/generic/oberdiek\ho
bsub-hyperref.sty"
Package: hobsub-hyperref 2016/05/16 v1.14 Bundle oberdiek, subset hyperref (HO)


("C:\Users\Moli Oujia\AppData\Local\Programs\MiKTeX 2.9\tex/generic/oberdiek\ho
bsub-generic.sty"
Package: hobsub-generic 2016/05/16 v1.14 Bundle oberdiek, subset generic (HO)
Package: hobsub 2016/05/16 v1.14 Construct package bundles (HO)
Package: infwarerr 2016/05/16 v1.4 Providing info/warning/error messages (HO)
Package: ltxcmds 2016/05/16 v1.23 LaTeX kernel commands for general use (HO)
Package: ifluatex 2016/05/16 v1.4 Provides the ifluatex switch (HO)
Package ifluatex Info: LuaTeX not detected.
Package: ifvtex 2016/05/16 v1.6 Detect VTeX and its facilities (HO)
Package ifvtex Info: VTeX not detected.
Package: intcalc 2016/05/16 v1.2 Expandable calculations with integers (HO)
Package: ifpdf 2018/09/07 v3.3 Provides the ifpdf switch
Package: etexcmds 2016/05/16 v1.6 Avoid name clashes with e-TeX commands (HO)
Package: kvsetkeys 2016/05/16 v1.17 Key value parser (HO)
Package: kvdefinekeys 2016/05/16 v1.4 Define keys (HO)
Package: pdftexcmds 2018/09/10 v0.29 Utility functions of pdfTeX for LuaTeX (HO
)
Package pdftexcmds Info: LuaTeX not detected.
Package pdftexcmds Info: \pdf@primitive is available.
Package pdftexcmds Info: \pdf@ifprimitive is available.
Package pdftexcmds Info: \pdfdraftmode found.
Package: pdfescape 2016/05/16 v1.14 Implements pdfTeX's escape features (HO)
Package: bigintcalc 2016/05/16 v1.4 Expandable calculations on big integers (HO
)
Package: bitset 2016/05/16 v1.2 Handle bit-vector datatype (HO)
Package: uniquecounter 2016/05/16 v1.3 Provide unlimited unique counter (HO)
)
Package hobsub Info: Skipping package `hobsub' (already loaded).
Package: letltxmacro 2016/05/16 v1.5 Let assignment for LaTeX macros (HO)
Package: hopatch 2016/05/16 v1.3 Wrapper for package hooks (HO)
Package: xcolor-patch 2016/05/16 xcolor patch
Package: atveryend 2016/05/16 v1.9 Hooks at the very end of document (HO)
Package atveryend Info: \enddocument detected (standard20110627).
Package: atbegshi 2016/06/09 v1.18 At begin shipout hook (HO)
Package: refcount 2016/05/16 v3.5 Data extraction from label references (HO)
Package: hycolor 2016/05/16 v1.8 Color options for hyperref/bookmark (HO)
)
("C:\Users\Moli Oujia\AppData\Local\Programs\MiKTeX 2.9\tex/generic/ifxetex\ifx
etex.sty"
Package: ifxetex 2010/09/12 v0.6 Provides ifxetex conditional
)
("C:\Users\Moli Oujia\AppData\Local\Programs\MiKTeX 2.9\tex/latex/oberdiek\auxh
ook.sty"
Package: auxhook 2016/05/16 v1.4 Hooks for auxiliary files (HO)
)
("C:\Users\Moli Oujia\AppData\Local\Programs\MiKTeX 2.9\tex/latex/oberdiek\kvop
tions.sty"
Package: kvoptions 2016/05/16 v3.12 Key value format for package options (HO)
)
\@linkdim=\dimen160
\Hy@linkcounter=\count121
\Hy@pagecounter=\count122

("C:\Users\Moli Oujia\AppData\Local\Programs\MiKTeX 2.9\tex/latex/hyperref\pd1e
nc.def"
File: pd1enc.def 2018/11/30 v6.88e Hyperref: PDFDocEncoding definition (HO)
Now handling font encoding PD1 ...
... no UTF-8 mapping file for font encoding PD1
)
\Hy@SavedSpaceFactor=\count123

("C:\Users\Moli Oujia\AppData\Local\Programs\MiKTeX 2.9\tex/latex/00miktex\hype
rref.cfg"
File: hyperref.cfg 2002/06/06 v1.2 hyperref configuration of TeXLive
)
Package hyperref Info: Hyper figures OFF on input line 4519.
Package hyperref Info: Link nesting OFF on input line 4524.
Package hyperref Info: Hyper index ON on input line 4527.
Package hyperref Info: Plain pages OFF on input line 4534.
Package hyperref Info: Backreferencing OFF on input line 4539.
Package hyperref Info: Implicit mode ON; LaTeX internals redefined.
Package hyperref Info: Bookmarks ON on input line 4772.
\c@Hy@tempcnt=\count124

("C:\Users\Moli Oujia\AppData\Local\Programs\MiKTeX 2.9\tex/latex/url\url.sty"
\Urlmuskip=\muskip11
Package: url 2013/09/16  ver 3.4  Verb mode for urls, etc.
)
LaTeX Info: Redefining \url on input line 5125.
\XeTeXLinkMargin=\dimen161
\Fld@menulength=\count125
\Field@Width=\dimen162
\Fld@charsize=\dimen163
Package hyperref Info: Hyper figures OFF on input line 6380.
Package hyperref Info: Link nesting OFF on input line 6385.
Package hyperref Info: Hyper index ON on input line 6388.
Package hyperref Info: backreferencing OFF on input line 6395.
Package hyperref Info: Link coloring OFF on input line 6400.
Package hyperref Info: Link coloring with OCG OFF on input line 6405.
Package hyperref Info: PDF/A mode OFF on input line 6410.
LaTeX Info: Redefining \ref on input line 6450.
LaTeX Info: Redefining \pageref on input line 6454.
\Hy@abspage=\count126
\c@Item=\count127
\c@Hfootnote=\count128
)
Package hyperref Info: Driver (autodetected): hpdftex.

("C:\Users\Moli Oujia\AppData\Local\Programs\MiKTeX 2.9\tex/latex/hyperref\hpdf
tex.def"
File: hpdftex.def 2018/11/30 v6.88e Hyperref driver for pdfTeX
\Fld@listcount=\count129
\c@bookmark@seq@number=\count130

("C:\Users\Moli Oujia\AppData\Local\Programs\MiKTeX 2.9\tex/latex/oberdiek\reru
nfilecheck.sty"
Package: rerunfilecheck 2016/05/16 v1.8 Rerun checks for auxiliary files (HO)
Package uniquecounter Info: New unique counter `rerunfilecheck' on input line 2
82.
)
\Hy@SectionHShift=\skip49
)
("C:\Users\Moli Oujia\AppData\Local\Programs\MiKTeX 2.9\tex/latex/algorithms\al
gorithm.sty"
Package: algorithm 2009/08/24 v0.1 Document Style `algorithm' - floating enviro
nment

("C:\Users\Moli Oujia\AppData\Local\Programs\MiKTeX 2.9\tex/latex/base\ifthen.s
ty"
Package: ifthen 2014/09/29 v1.1c Standard LaTeX ifthen package (DPC)
)
\@float@every@algorithm=\toks40
\c@algorithm=\count131
)
("C:\Users\Moli Oujia\AppData\Local\Programs\MiKTeX 2.9\tex/latex/algorithms\al
gorithmic.sty"
Package: algorithmic 2009/08/24 v0.1 Document Style `algorithmic'
\c@ALC@unique=\count132
\c@ALC@line=\count133
\c@ALC@rem=\count134
\c@ALC@depth=\count135
\ALC@tlm=\skip50
\algorithmicindent=\skip51
)
("C:\Users\Moli Oujia\AppData\Local\Programs\MiKTeX 2.9\tex/latex/svg\svg.sty"
Package: svg 2018/11/12 v2.02b (include SVG pictures)

("C:\Users\Moli Oujia\AppData\Local\Programs\MiKTeX 2.9\tex/latex/koma-script\s
crbase.sty"
Package: scrbase 2019/02/01 v3.26b KOMA-Script package (KOMA-Script-independent
 basics and keyval usage)

("C:\Users\Moli Oujia\AppData\Local\Programs\MiKTeX 2.9\tex/latex/koma-script\s
crlfile.sty"
Package: scrlfile 2019/02/01 v3.26b KOMA-Script package (loading files)
))
("C:\Users\Moli Oujia\AppData\Local\Programs\MiKTeX 2.9\tex/latex/tools\shelles
c.sty"
Package: shellesc 2016/06/07 v0.02a unified shell escape interface for LaTeX
Package shellesc Info: Restricted shell escape enabled on input line 69.
)
("C:\Users\Moli Oujia\AppData\Local\Programs\MiKTeX 2.9\tex/latex/trimspaces\tr
imspaces.sty"
Package: trimspaces 2009/09/17 v1.1 Trim spaces around a token list
)
\svg@box=\box42
\c@svg@param@lastpage=\count136
\c@svg@param@currpage=\count137
)
("C:\Users\Moli Oujia\AppData\Local\Programs\MiKTeX 2.9\tex/latex/oberdiek\tran
sparent.sty"
Package: transparent 2018/11/18 v1.3 Transparency via pdfTeX's color stack (HO)

)
("C:\Users\Moli Oujia\AppData\Local\Programs\MiKTeX 2.9\tex/latex/lipsum\lipsum
.sty"
("C:\Users\Moli Oujia\AppData\Local\Programs\MiKTeX 2.9\tex/latex/l3kernel\expl
3.sty"
Package: expl3 2019-03-05 L3 programming layer (loader) 

("C:\Users\Moli Oujia\AppData\Local\Programs\MiKTeX 2.9\tex/latex/l3kernel\expl
3-code.tex"
Package: expl3 2019-03-05 L3 programming layer (code)
\c_max_int=\count138
\l_tmpa_int=\count139
\l_tmpb_int=\count140
\g_tmpa_int=\count141
\g_tmpb_int=\count142
\g__kernel_prg_map_int=\count143
\c_log_iow=\count144
\l_iow_line_count_int=\count145
\l__iow_line_target_int=\count146
\l__iow_one_indent_int=\count147
\l__iow_indent_int=\count148
\c_zero_dim=\dimen164
\c_max_dim=\dimen165
\l_tmpa_dim=\dimen166
\l_tmpb_dim=\dimen167
\g_tmpa_dim=\dimen168
\g_tmpb_dim=\dimen169
\c_zero_skip=\skip52
\c_max_skip=\skip53
\l_tmpa_skip=\skip54
\l_tmpb_skip=\skip55
\g_tmpa_skip=\skip56
\g_tmpb_skip=\skip57
\c_zero_muskip=\muskip12
\c_max_muskip=\muskip13
\l_tmpa_muskip=\muskip14
\l_tmpb_muskip=\muskip15
\g_tmpa_muskip=\muskip16
\g_tmpb_muskip=\muskip17
\l_keys_choice_int=\count149
\l__intarray_loop_int=\count150
\c__intarray_sp_dim=\dimen170
\g__intarray_font_int=\count151
\c__fp_leading_shift_int=\count152
\c__fp_middle_shift_int=\count153
\c__fp_trailing_shift_int=\count154
\c__fp_big_leading_shift_int=\count155
\c__fp_big_middle_shift_int=\count156
\c__fp_big_trailing_shift_int=\count157
\c__fp_Bigg_leading_shift_int=\count158
\c__fp_Bigg_middle_shift_int=\count159
\c__fp_Bigg_trailing_shift_int=\count160
\c__kernel_randint_max_int=\count161
\g__fp_array_int=\count162
\l__fp_array_loop_int=\count163
\l__sort_length_int=\count164
\l__sort_min_int=\count165
\l__sort_top_int=\count166
\l__sort_max_int=\count167
\l__sort_true_max_int=\count168
\l__sort_block_int=\count169
\l__sort_begin_int=\count170
\l__sort_end_int=\count171
\l__sort_A_int=\count172
\l__sort_B_int=\count173
\l__sort_C_int=\count174
\l__tl_analysis_normal_int=\count175
\l__tl_analysis_index_int=\count176
\l__tl_analysis_nesting_int=\count177
\l__tl_analysis_type_int=\count178
\l__regex_internal_a_int=\count179
\l__regex_internal_b_int=\count180
\l__regex_internal_c_int=\count181
\l__regex_balance_int=\count182
\l__regex_group_level_int=\count183
\l__regex_mode_int=\count184
\c__regex_cs_in_class_mode_int=\count185
\c__regex_cs_mode_int=\count186
\l__regex_catcodes_int=\count187
\l__regex_default_catcodes_int=\count188
\c__regex_catcode_D_int=\count189
\c__regex_catcode_S_int=\count190
\c__regex_catcode_L_int=\count191
\c__regex_catcode_O_int=\count192
\c__regex_catcode_A_int=\count193
\c__regex_all_catcodes_int=\count194
\l__regex_show_lines_int=\count195
\l__regex_min_state_int=\count196
\l__regex_max_state_int=\count197
\l__regex_left_state_int=\count198
\l__regex_right_state_int=\count199
\l__regex_capturing_group_int=\count266
\l__regex_min_pos_int=\count267
\l__regex_max_pos_int=\count268
\l__regex_curr_pos_int=\count269
\l__regex_start_pos_int=\count270
\l__regex_success_pos_int=\count271
\l__regex_curr_char_int=\count272
\l__regex_curr_catcode_int=\count273
\l__regex_last_char_int=\count274
\l__regex_case_changed_char_int=\count275
\l__regex_curr_state_int=\count276
\l__regex_step_int=\count277
\l__regex_min_active_int=\count278
\l__regex_max_active_int=\count279
\l__regex_replacement_csnames_int=\count280
\l__regex_match_count_int=\count281
\l__regex_min_submatch_int=\count282
\l__regex_submatch_int=\count283
\l__regex_zeroth_submatch_int=\count284
\g__regex_trace_regex_int=\count285
\c_empty_box=\box43
\l_tmpa_box=\box44
\l_tmpb_box=\box45
\g_tmpa_box=\box46
\g_tmpb_box=\box47
\l__box_top_dim=\dimen171
\l__box_bottom_dim=\dimen172
\l__box_left_dim=\dimen173
\l__box_right_dim=\dimen174
\l__box_top_new_dim=\dimen175
\l__box_bottom_new_dim=\dimen176
\l__box_left_new_dim=\dimen177
\l__box_right_new_dim=\dimen178
\l__box_internal_box=\box48
\l__coffin_internal_box=\box49
\l__coffin_internal_dim=\dimen179
\l__coffin_offset_x_dim=\dimen180
\l__coffin_offset_y_dim=\dimen181
\l__coffin_x_dim=\dimen182
\l__coffin_y_dim=\dimen183
\l__coffin_x_prime_dim=\dimen184
\l__coffin_y_prime_dim=\dimen185
\c_empty_coffin=\box50
\l__coffin_aligned_coffin=\box51
\l__coffin_aligned_internal_coffin=\box52
\l_tmpa_coffin=\box53
\l_tmpb_coffin=\box54
\g_tmpa_coffin=\box55
\g_tmpb_coffin=\box56
\l__coffin_bounding_shift_dim=\dimen186
\l__coffin_left_corner_dim=\dimen187
\l__coffin_right_corner_dim=\dimen188
\l__coffin_bottom_corner_dim=\dimen189
\l__coffin_top_corner_dim=\dimen190
\l__coffin_scaled_total_height_dim=\dimen191
\l__coffin_scaled_width_dim=\dimen192
\c__coffin_empty_coffin=\box57
\l__coffin_display_coffin=\box58
\l__coffin_display_coord_coffin=\box59
\l__coffin_display_pole_coffin=\box60
\l__coffin_display_offset_dim=\dimen193
\l__coffin_display_x_dim=\dimen194
\l__coffin_display_y_dim=\dimen195
\g__file_internal_ior=\read2
\l__seq_internal_a_int=\count286
\l__seq_internal_b_int=\count287
\c__deprecation_minus_one=\count288
)
("C:\Users\Moli Oujia\AppData\Local\Programs\MiKTeX 2.9\tex/latex/l3kernel\l3pd
fmode.def"
File: l3pdfmode.def 2019-03-05 v L3 Experimental driver: PDF mode
\l__driver_color_stack_int=\count289
))
("C:\Users\Moli Oujia\AppData\Local\Programs\MiKTeX 2.9\tex/latex/l3packages/xp
arse\xparse.sty"
Package: xparse 2019-03-05 L3 Experimental document command parser
\l__xparse_current_arg_int=\count290
\g__xparse_grabber_int=\count291
\l__xparse_m_args_int=\count292
\l__xparse_v_nesting_int=\count293
)
Package: lipsum 2019/01/02 v2.2 150 paragraphs of Lorem Ipsum dummy text

("C:\Users\Moli Oujia\AppData\Local\Programs\MiKTeX 2.9\tex/latex/lipsum\lipsum
.ltd.tex"
File: lipsum.ltd.tex 2019/01/02 v2.2 The Lorem ipsum dummy text
))
("C:\Users\Moli Oujia\AppData\Local\Programs\MiKTeX 2.9\tex/generic/babel\babel
.sty"
Package: babel 2018/11/13 3.27 The Babel package

("C:\Users\Moli Oujia\AppData\Local\Programs\MiKTeX 2.9\tex/generic/babel\switc
h.def"
File: switch.def 2018/11/13 3.27 Babel switching mechanism
)
*************************************
* Local config file bblopts.cfg used
*

("C:\Users\Moli Oujia\AppData\Local\Programs\MiKTeX 2.9\tex/latex/arabi\bblopts
.cfg"
File: bblopts.cfg 2005/09/08 v0.1 add Arabic and Farsi to "declared" options of
 babel
)
("C:\Users\Moli Oujia\AppData\Local\Programs\MiKTeX 2.9\tex/generic/babel-frenc
h\french.ldf"
Language: french 2019/01/30 v3.5d French support from the babel system

("C:\Users\Moli Oujia\AppData\Local\Programs\MiKTeX 2.9\tex/generic/babel\babel
.def"
File: babel.def 2018/11/13 3.27 Babel common definitions
\babel@savecnt=\count294
\U@D=\dimen196

("C:\Users\Moli Oujia\AppData\Local\Programs\MiKTeX 2.9\tex/generic/babel\txtba
bel.def")
\bbl@dirlevel=\count295
)
\l@acadian = a dialect from \language\l@french 
\FB@nonchar=\count296
Package babel Info: Making : an active character on input line 414.
Package babel Info: Making ; an active character on input line 415.
Package babel Info: Making ! an active character on input line 416.
Package babel Info: Making ? an active character on input line 417.
\FBguill@level=\count297
\FBold@everypar=\toks41
\FB@Mht=\dimen197
\mc@charclass=\count298
\mc@charfam=\count299
\mc@charslot=\count300
\std@mcc=\count301
\dec@mcc=\count302
\c@FBcaption@count=\count303
\listindentFB=\dimen198
\descindentFB=\dimen199
\labelindentFB=\dimen256
\labelwidthFB=\dimen257
\leftmarginFB=\dimen258
\parindentFFN=\dimen259
\FBfnindent=\dimen260
)
("C:\Users\Moli Oujia\AppData\Local\Programs\MiKTeX 2.9\tex/latex/babel-english
\english.ldf"
Language: english 2017/06/06 v3.3r English support from the babel system
\l@canadian = a dialect from \language\l@american 
\l@australian = a dialect from \language\l@british 
\l@newzealand = a dialect from \language\l@british 
))
("C:\Users\Moli Oujia\AppData\Local\Programs\MiKTeX 2.9\tex/latex/carlisle\scal
efnt.sty")
\c@theorem=\count304
\c@corollary=\count305
\c@lemma=\count306
\c@proposition=\count307
\c@definition=\count308
\c@propertie=\count309
\c@demonstration=\count310
\c@remarque=\count311

("C:\Users\Moli Oujia\AppData\Local\Programs\MiKTeX 2.9\tex/latex/geometry\geom
etry.sty"
Package: geometry 2018/04/16 v5.8 Page Geometry
\Gm@cnth=\count312
\Gm@cntv=\count313
\c@Gm@tempcnt=\count314
\Gm@bindingoffset=\dimen261
\Gm@wd@mp=\dimen262
\Gm@odd@mp=\dimen263
\Gm@even@mp=\dimen264
\Gm@layoutwidth=\dimen265
\Gm@layoutheight=\dimen266
\Gm@layouthoffset=\dimen267
\Gm@layoutvoffset=\dimen268
\Gm@dimlist=\toks42

("C:\Users\Moli Oujia\AppData\Local\Programs\MiKTeX 2.9\tex/latex/geometry\geom
etry.cfg")) (TER.aux)
\openout1 = `TER.aux'.

LaTeX Font Info:    Checking defaults for OML/cmm/m/it on input line 39.
LaTeX Font Info:    ... okay on input line 39.
LaTeX Font Info:    Checking defaults for T1/cmr/m/n on input line 39.
LaTeX Font Info:    ... okay on input line 39.
LaTeX Font Info:    Checking defaults for OT1/cmr/m/n on input line 39.
LaTeX Font Info:    ... okay on input line 39.
LaTeX Font Info:    Checking defaults for OMS/cmsy/m/n on input line 39.
LaTeX Font Info:    ... okay on input line 39.
LaTeX Font Info:    Checking defaults for OMX/cmex/m/n on input line 39.
LaTeX Font Info:    ... okay on input line 39.
LaTeX Font Info:    Checking defaults for U/cmr/m/n on input line 39.
LaTeX Font Info:    ... okay on input line 39.
LaTeX Font Info:    Checking defaults for PD1/pdf/m/n on input line 39.
LaTeX Font Info:    ... okay on input line 39.
 ABD: EveryShipout initializing macros
("C:\Users\Moli Oujia\AppData\Local\Programs\MiKTeX 2.9\tex/context/base\supp-p
df.mkii"
[Loading MPS to PDF converter (version 2006.09.02).]
\scratchcounter=\count315
\scratchdimen=\dimen269
\scratchbox=\box61
\nofMPsegments=\count316
\nofMParguments=\count317
\everyMPshowfont=\toks43
\MPscratchCnt=\count318
\MPscratchDim=\dimen270
\MPnumerator=\count319
\makeMPintoPDFobject=\count320
\everyMPtoPDFconversion=\toks44
)
("C:\Users\Moli Oujia\AppData\Local\Programs\MiKTeX 2.9\tex/latex/oberdiek\epst
opdf-base.sty"
Package: epstopdf-base 2016/05/15 v2.6 Base part for package epstopdf

("C:\Users\Moli Oujia\AppData\Local\Programs\MiKTeX 2.9\tex/latex/oberdiek\grfe
xt.sty"
Package: grfext 2016/05/16 v1.2 Manage graphics extensions (HO)
)
Package epstopdf-base Info: Redefining graphics rule for `.eps' on input line 4
38.
Package grfext Info: Graphics extension search list:
(grfext)             [.pdf,.png,.jpg,.mps,.jpeg,.jbig2,.jb2,.PDF,.PNG,.JPG,.JPE
G,.JBIG2,.JB2,.eps]
(grfext)             \AppendGraphicsExtensions on input line 456.
)
\AtBeginShipoutBox=\box62
Package hyperref Info: Link coloring OFF on input line 39.

("C:\Users\Moli Oujia\AppData\Local\Programs\MiKTeX 2.9\tex/latex/hyperref\name
ref.sty"
Package: nameref 2016/05/21 v2.44 Cross-referencing by name of section

("C:\Users\Moli Oujia\AppData\Local\Programs\MiKTeX 2.9\tex/generic/oberdiek\ge
ttitlestring.sty"
Package: gettitlestring 2016/05/16 v1.5 Cleanup title references (HO)
)
\c@section@level=\count321
)
LaTeX Info: Redefining \ref on input line 39.
LaTeX Info: Redefining \pageref on input line 39.
LaTeX Info: Redefining \nameref on input line 39.
 (TER.out) (TER.out)
\@outlinefile=\write4
\openout4 = `TER.out'.

LaTeX Info: Redefining \degres on input line 39.
LaTeX Info: Redefining \dots on input line 39.
LaTeX Info: Redefining \up on input line 39.


Package french.ldf Warning: OT1 encoding should not be used for French.
(french.ldf)                Add \usepackage[T1]{fontenc} to the preamble
(french.ldf)                of your document; reported on input line 39.

*geometry* driver: auto-detecting
*geometry* detected driver: pdftex
*geometry* verbose mode - [ preamble ] result:
* driver: pdftex
* paper: <default>
* layout: <same size as paper>
* layoutoffset:(h,v)=(0.0pt,0.0pt)
* modes: 
* h-part:(L,W,R)=(71.13188pt, 472.03123pt, 71.13188pt)
* v-part:(T,H,B)=(71.13188pt, 652.70622pt, 71.13188pt)
* \paperwidth=614.295pt
* \paperheight=794.96999pt
* \textwidth=472.03123pt
* \textheight=652.70622pt
* \oddsidemargin=-1.1381pt
* \evensidemargin=-1.1381pt
* \topmargin=-38.1381pt
* \headheight=12.0pt
* \headsep=25.0pt
* \topskip=12.0pt
* \footskip=30.0pt
* \marginparwidth=44.0pt
* \marginparsep=10.0pt
* \columnsep=10.0pt
* \skip\footins=10.8pt plus 4.0pt minus 2.0pt
* \hoffset=0.0pt
* \voffset=0.0pt
* \mag=1000
* \@twocolumnfalse
* \@twosidefalse
* \@mparswitchfalse
* \@reversemarginfalse
* (1in=72.27pt=25.4mm, 1cm=28.453pt)

<aix.png, id=62, 268.00125pt x 93.34875pt>
File: aix.png Graphic file (type png)
<use aix.png>
Package pdftex.def Info: aix.png  used on input line 54.
(pdftex.def)             Requested size: 268.00058pt x 93.34851pt.
LaTeX Font Info:    Try loading font information for U+msa on input line 54.

("C:\Users\Moli Oujia\AppData\Local\Programs\MiKTeX 2.9\tex/latex/amsfonts\umsa
.fd"
File: umsa.fd 2013/01/14 v3.01 AMS symbols A
)
LaTeX Font Info:    Try loading font information for U+msb on input line 54.

("C:\Users\Moli Oujia\AppData\Local\Programs\MiKTeX 2.9\tex/latex/amsfonts\umsb
.fd"
File: umsb.fd 2013/01/14 v3.01 AMS symbols B
)

LaTeX Warning: No \author given.

[1

{C:/Users/Moli Oujia/AppData/Local/MiKTeX/2.9/pdftex/config/pdftex.map} <./aix.
png>]
Underfull \hbox (badness 10000) in paragraph at lines 79--83

 []


Underfull \hbox (badness 10000) in paragraph at lines 79--83

 []


Underfull \hbox (badness 10000) in paragraph at lines 79--83

 []


Underfull \hbox (badness 10000) in paragraph at lines 79--83

 []


Underfull \hbox (badness 10000) in paragraph at lines 79--83

 []


Underfull \hbox (badness 10000) in paragraph at lines 79--83

 []


Underfull \hbox (badness 10000) in paragraph at lines 79--83

 []


Underfull \hbox (badness 10000) in paragraph at lines 87--92

 []


Underfull \hbox (badness 10000) in paragraph at lines 87--92

 []


Underfull \hbox (badness 10000) in paragraph at lines 87--92

 []


Underfull \hbox (badness 10000) in paragraph at lines 87--92

 []


Underfull \hbox (badness 10000) in paragraph at lines 87--92

 []


Underfull \hbox (badness 10000) in paragraph at lines 87--92

 []


Underfull \hbox (badness 10000) in paragraph at lines 87--92

 []


Underfull \hbox (badness 10000) in paragraph at lines 87--92

 []


Underfull \hbox (badness 10000) in paragraph at lines 87--92

 []


Underfull \hbox (badness 10000) in paragraph at lines 87--92

 []


Underfull \hbox (badness 10000) in paragraph at lines 87--92

 []


Underfull \hbox (badness 10000) in paragraph at lines 87--92

 []


Underfull \hbox (badness 10000) in paragraph at lines 87--92

 []


Underfull \hbox (badness 10000) in paragraph at lines 87--92

 []


Underfull \hbox (badness 10000) in paragraph at lines 87--92

 []


Underfull \hbox (badness 10000) in paragraph at lines 87--92

 []


Underfull \hbox (badness 10000) in paragraph at lines 87--92

 []

[2] (TER.toc)
\tf@toc=\write5
\openout5 = `TER.toc'.

 [3] [4] [5]
Underfull \hbox (badness 10000) in paragraph at lines 205--213

 []

[6]
Package epstopdf Info: Source file: <St005_image.eps>
(epstopdf)                    date: 2019-05-24 21:43:35
(epstopdf)                    size: 1417598 bytes
(epstopdf)             Output file: <St005_image-eps-converted-to.pdf>
(epstopdf)                    date: 2019-05-25 13:44:28
(epstopdf)                    size: 9178679 bytes
(epstopdf)             Command: <epstopdf --outfile=St005_image-eps-converted-t
o.pdf St005_image.eps>
(epstopdf)             \includegraphics on input line 216.
Package epstopdf Info: Output file is already uptodate.


pdfTeX warning: pdflatex.exe (file ./St005_image-eps-converted-to.pdf): PDF inc
lusion: found PDF version <1.7>, but at most version <1.5> allowed
<St005_image-eps-converted-to.pdf, id=123, 368.37625pt x 380.42125pt>
File: St005_image-eps-converted-to.pdf Graphic file (type pdf)
<use St005_image-eps-converted-to.pdf>
Package pdftex.def Info: St005_image-eps-converted-to.pdf  used on input line 2
16.
(pdftex.def)             Requested size: 227.62204pt x 235.06348pt.

Underfull \hbox (badness 10000) in paragraph at lines 221--223

 []

<Re328_image.png, id=125, 366.77025pt x 380.32088pt>
File: Re328_image.png Graphic file (type png)
<use Re328_image.png>
Package pdftex.def Info: Re328_image.png  used on input line 226.
(pdftex.def)             Requested size: 227.62204pt x 236.02863pt.
[7 <./St005_image-eps-converted-to.pdf>]
Underfull \hbox (badness 10000) in paragraph at lines 260--263

 []

[8 <./Re328_image.png>] [9]
<test_60point.png, id=167, 234.8775pt x 234.8775pt>
File: test_60point.png Graphic file (type png)
<use test_60point.png>
Package pdftex.def Info: test_60point.png  used on input line 309.
(pdftex.def)             Requested size: 234.87692pt x 234.87692pt.
 [10 <./test_60point.png>]
<dual1.png, id=178, 180.675pt x 214.55156pt>
File: dual1.png Graphic file (type png)
<use dual1.png>
Package pdftex.def Info: dual1.png  used on input line 399.
(pdftex.def)             Requested size: 180.67455pt x 214.55103pt.
<dual2.png, id=179, 180.675pt x 214.55156pt>
File: dual2.png Graphic file (type png)
<use dual2.png>
Package pdftex.def Info: dual2.png  used on input line 399.
(pdftex.def)             Requested size: 180.67455pt x 214.55103pt.
 [11]
<dual_new.png, id=196, 213.79875pt x 183.68625pt>
File: dual_new.png Graphic file (type png)
<use dual_new.png>
Package pdftex.def Info: dual_new.png  used on input line 440.
(pdftex.def)             Requested size: 213.79822pt x 183.68578pt.
 [12 <./dual1.png> <./dual2.png>]
Package epstopdf Info: Source file: <Rand_Poisson_10.eps>
(epstopdf)                    date: 2019-05-25 00:20:07
(epstopdf)                    size: 20754 bytes
(epstopdf)             Output file: <Rand_Poisson_10-eps-converted-to.pdf>
(epstopdf)                    date: 2019-05-25 13:44:55
(epstopdf)                    size: 16736 bytes
(epstopdf)             Command: <epstopdf --outfile=Rand_Poisson_10-eps-convert
ed-to.pdf Rand_Poisson_10.eps>
(epstopdf)             \includegraphics on input line 495.
Package epstopdf Info: Output file is already uptodate.


pdfTeX warning: pdflatex.exe (file ./Rand_Poisson_10-eps-converted-to.pdf): PDF
 inclusion: found PDF version <1.7>, but at most version <1.5> allowed
<Rand_Poisson_10-eps-converted-to.pdf, id=210, 406.51875pt x 300.12125pt>
File: Rand_Poisson_10-eps-converted-to.pdf Graphic file (type pdf)
<use Rand_Poisson_10-eps-converted-to.pdf>
Package pdftex.def Info: Rand_Poisson_10-eps-converted-to.pdf  used on input li
ne 495.
(pdftex.def)             Requested size: 455.24408pt x 336.10602pt.
[13 <./dual_new.png>]
<rand_vor_gamma.png, id=223, 423.08063pt x 314.67563pt>
File: rand_vor_gamma.png Graphic file (type png)
<use rand_vor_gamma.png>
Package pdftex.def Info: rand_vor_gamma.png  used on input line 502.
(pdftex.def)             Requested size: 423.07959pt x 314.67485pt.
 [14 <./Rand_Poisson_10-eps-converted-to.pdf>]
Package epstopdf Info: Source file: <St005_dens.eps>
(epstopdf)                    date: 2019-05-24 21:29:04
(epstopdf)                    size: 30270 bytes
(epstopdf)             Output file: <St005_dens-eps-converted-to.pdf>
(epstopdf)                    date: 2019-05-25 13:44:56
(epstopdf)                    size: 13960 bytes
(epstopdf)             Command: <epstopdf --outfile=St005_dens-eps-converted-to
.pdf St005_dens.eps>
(epstopdf)             \includegraphics on input line 546.
Package epstopdf Info: Output file is already uptodate.


pdfTeX warning: pdflatex.exe (file ./St005_dens-eps-converted-to.pdf): PDF incl
usion: found PDF version <1.7>, but at most version <1.5> allowed
<St005_dens-eps-converted-to.pdf, id=249, 420.57124pt x 316.18124pt>
File: St005_dens-eps-converted-to.pdf Graphic file (type pdf)
<use St005_dens-eps-converted-to.pdf>
Package pdftex.def Info: St005_dens-eps-converted-to.pdf  used on input line 54
6.
(pdftex.def)             Requested size: 227.62204pt x 171.12611pt.
Package epstopdf Info: Source file: <St02_dens.eps>
(epstopdf)                    date: 2019-05-24 21:29:01
(epstopdf)                    size: 31548 bytes
(epstopdf)             Output file: <St02_dens-eps-converted-to.pdf>
(epstopdf)                    date: 2019-05-25 13:44:57
(epstopdf)                    size: 14585 bytes
(epstopdf)             Command: <epstopdf --outfile=St02_dens-eps-converted-to.
pdf St02_dens.eps>
(epstopdf)             \includegraphics on input line 547.
Package epstopdf Info: Output file is already uptodate.


pdfTeX warning: pdflatex.exe (file ./St02_dens-eps-converted-to.pdf): PDF inclu
sion: found PDF version <1.7>, but at most version <1.5> allowed
<St02_dens-eps-converted-to.pdf, id=250, 420.57124pt x 316.18124pt>
File: St02_dens-eps-converted-to.pdf Graphic file (type pdf)
<use St02_dens-eps-converted-to.pdf>
Package pdftex.def Info: St02_dens-eps-converted-to.pdf  used on input line 547
.
(pdftex.def)             Requested size: 227.62204pt x 171.12611pt.
Package epstopdf Info: Source file: <St1_dens.eps>
(epstopdf)                    date: 2019-05-24 21:28:58
(epstopdf)                    size: 36124 bytes
(epstopdf)             Output file: <St1_dens-eps-converted-to.pdf>
(epstopdf)                    date: 2019-05-25 13:44:57
(epstopdf)                    size: 18489 bytes
(epstopdf)             Command: <epstopdf --outfile=St1_dens-eps-converted-to.p
df St1_dens.eps>
(epstopdf)             \includegraphics on input line 548.
Package epstopdf Info: Output file is already uptodate.


pdfTeX warning: pdflatex.exe (file ./St1_dens-eps-converted-to.pdf): PDF inclus
ion: found PDF version <1.7>, but at most version <1.5> allowed
<St1_dens-eps-converted-to.pdf, id=251, 420.57124pt x 316.18124pt>
File: St1_dens-eps-converted-to.pdf Graphic file (type pdf)
<use St1_dens-eps-converted-to.pdf>
Package pdftex.def Info: St1_dens-eps-converted-to.pdf  used on input line 548.

(pdftex.def)             Requested size: 227.62204pt x 171.12611pt.
Package epstopdf Info: Source file: <St5_dens.eps>
(epstopdf)                    date: 2019-05-24 21:28:55
(epstopdf)                    size: 35195 bytes
(epstopdf)             Output file: <St5_dens-eps-converted-to.pdf>
(epstopdf)                    date: 2019-05-25 13:44:58
(epstopdf)                    size: 17502 bytes
(epstopdf)             Command: <epstopdf --outfile=St5_dens-eps-converted-to.p
df St5_dens.eps>
(epstopdf)             \includegraphics on input line 549.
Package epstopdf Info: Output file is already uptodate.


pdfTeX warning: pdflatex.exe (file ./St5_dens-eps-converted-to.pdf): PDF inclus
ion: found PDF version <1.7>, but at most version <1.5> allowed
<St5_dens-eps-converted-to.pdf, id=252, 420.57124pt x 316.18124pt>
File: St5_dens-eps-converted-to.pdf Graphic file (type pdf)
<use St5_dens-eps-converted-to.pdf>
Package pdftex.def Info: St5_dens-eps-converted-to.pdf  used on input line 549.

(pdftex.def)             Requested size: 227.62204pt x 171.12611pt.
[15 <./rand_vor_gamma.png>]
Package epstopdf Info: Source file: <StAll_dens.eps>
(epstopdf)                    date: 2019-05-24 21:29:48
(epstopdf)                    size: 47933 bytes
(epstopdf)             Output file: <StAll_dens-eps-converted-to.pdf>
(epstopdf)                    date: 2019-05-25 13:44:59
(epstopdf)                    size: 33456 bytes
(epstopdf)             Command: <epstopdf --outfile=StAll_dens-eps-converted-to
.pdf StAll_dens.eps>
(epstopdf)             \includegraphics on input line 558.
Package epstopdf Info: Output file is already uptodate.


pdfTeX warning: pdflatex.exe (file ./StAll_dens-eps-converted-to.pdf): PDF incl
usion: found PDF version <1.7>, but at most version <1.5> allowed
<StAll_dens-eps-converted-to.pdf, id=259, 420.57124pt x 316.18124pt>
File: StAll_dens-eps-converted-to.pdf Graphic file (type pdf)
<use StAll_dens-eps-converted-to.pdf>
Package pdftex.def Info: StAll_dens-eps-converted-to.pdf  used on input line 55
8.
(pdftex.def)             Requested size: 455.24408pt x 342.25223pt.
[16 <./St005_dens-eps-converted-to.pdf> <./St02_dens-eps-converted-to.pdf> <./S
t1_dens-eps-converted-to.pdf> <./St5_dens-eps-converted-to.pdf>]
Package epstopdf Info: Source file: <St05_dens_Re.eps>
(epstopdf)                    date: 2019-05-24 21:28:04
(epstopdf)                    size: 29473 bytes
(epstopdf)             Output file: <St05_dens_Re-eps-converted-to.pdf>
(epstopdf)                    date: 2019-05-25 13:45:00
(epstopdf)                    size: 13975 bytes
(epstopdf)             Command: <epstopdf --outfile=St05_dens_Re-eps-converted-
to.pdf St05_dens_Re.eps>
(epstopdf)             \includegraphics on input line 568.
Package epstopdf Info: Output file is already uptodate.


pdfTeX warning: pdflatex.exe (file ./St05_dens_Re-eps-converted-to.pdf): PDF in
clusion: found PDF version <1.7>, but at most version <1.5> allowed
<St05_dens_Re-eps-converted-to.pdf, id=373, 408.52625pt x 314.17375pt>
File: St05_dens_Re-eps-converted-to.pdf Graphic file (type pdf)
<use St05_dens_Re-eps-converted-to.pdf>
Package pdftex.def Info: St05_dens_Re-eps-converted-to.pdf  used on input line 
568.
(pdftex.def)             Requested size: 227.62204pt x 175.05402pt.
Package epstopdf Info: Source file: <St1_dens_Re.eps>
(epstopdf)                    date: 2019-05-24 21:28:01
(epstopdf)                    size: 29105 bytes
(epstopdf)             Output file: <St1_dens_Re-eps-converted-to.pdf>
(epstopdf)                    date: 2019-05-25 13:45:00
(epstopdf)                    size: 14264 bytes
(epstopdf)             Command: <epstopdf --outfile=St1_dens_Re-eps-converted-t
o.pdf St1_dens_Re.eps>
(epstopdf)             \includegraphics on input line 569.
Package epstopdf Info: Output file is already uptodate.


pdfTeX warning: pdflatex.exe (file ./St1_dens_Re-eps-converted-to.pdf): PDF inc
lusion: found PDF version <1.7>, but at most version <1.5> allowed
<St1_dens_Re-eps-converted-to.pdf, id=374, 408.52625pt x 314.17375pt>
File: St1_dens_Re-eps-converted-to.pdf Graphic file (type pdf)
<use St1_dens_Re-eps-converted-to.pdf>
Package pdftex.def Info: St1_dens_Re-eps-converted-to.pdf  used on input line 5
69.
(pdftex.def)             Requested size: 227.62204pt x 175.05402pt.
Package epstopdf Info: Source file: <St2_dens_Re.eps>
(epstopdf)                    date: 2019-05-24 21:27:59
(epstopdf)                    size: 29404 bytes
(epstopdf)             Output file: <St2_dens_Re-eps-converted-to.pdf>
(epstopdf)                    date: 2019-05-25 13:45:01
(epstopdf)                    size: 14740 bytes
(epstopdf)             Command: <epstopdf --outfile=St2_dens_Re-eps-converted-t
o.pdf St2_dens_Re.eps>
(epstopdf)             \includegraphics on input line 570.
Package epstopdf Info: Output file is already uptodate.


pdfTeX warning: pdflatex.exe (file ./St2_dens_Re-eps-converted-to.pdf): PDF inc
lusion: found PDF version <1.7>, but at most version <1.5> allowed
<St2_dens_Re-eps-converted-to.pdf, id=375, 408.52625pt x 314.17375pt>
File: St2_dens_Re-eps-converted-to.pdf Graphic file (type pdf)
<use St2_dens_Re-eps-converted-to.pdf>
Package pdftex.def Info: St2_dens_Re-eps-converted-to.pdf  used on input line 5
70.
(pdftex.def)             Requested size: 227.62204pt x 175.05402pt.
Package epstopdf Info: Source file: <St5_dens_Re.eps>
(epstopdf)                    date: 2019-05-24 21:27:57
(epstopdf)                    size: 28399 bytes
(epstopdf)             Output file: <St5_dens_Re-eps-converted-to.pdf>
(epstopdf)                    date: 2019-05-25 13:45:02
(epstopdf)                    size: 13627 bytes
(epstopdf)             Command: <epstopdf --outfile=St5_dens_Re-eps-converted-t
o.pdf St5_dens_Re.eps>
(epstopdf)             \includegraphics on input line 571.
Package epstopdf Info: Output file is already uptodate.


pdfTeX warning: pdflatex.exe (file ./St5_dens_Re-eps-converted-to.pdf): PDF inc
lusion: found PDF version <1.7>, but at most version <1.5> allowed
<St5_dens_Re-eps-converted-to.pdf, id=376, 408.52625pt x 314.17375pt>
File: St5_dens_Re-eps-converted-to.pdf Graphic file (type pdf)
<use St5_dens_Re-eps-converted-to.pdf>
Package pdftex.def Info: St5_dens_Re-eps-converted-to.pdf  used on input line 5
71.
(pdftex.def)             Requested size: 227.62204pt x 175.05402pt.
[17 <./StAll_dens-eps-converted-to.pdf>]
Package epstopdf Info: Source file: <St005_Vor.eps>
(epstopdf)                    date: 2019-05-24 23:53:51
(epstopdf)                    size: 38135 bytes
(epstopdf)             Output file: <St005_Vor-eps-converted-to.pdf>
(epstopdf)                    date: 2019-05-25 13:45:33
(epstopdf)                    size: 15074 bytes
(epstopdf)             Command: <epstopdf --outfile=St005_Vor-eps-converted-to.
pdf St005_Vor.eps>
(epstopdf)             \includegraphics on input line 600.
Package epstopdf Info: Output file is already uptodate.


pdfTeX warning: pdflatex.exe (file ./St005_Vor-eps-converted-to.pdf): PDF inclu
sion: found PDF version <1.7>, but at most version <1.5> allowed
<St005_Vor-eps-converted-to.pdf, id=412, 420.57124pt x 316.18124pt>
File: St005_Vor-eps-converted-to.pdf Graphic file (type pdf)
<use St005_Vor-eps-converted-to.pdf>
Package pdftex.def Info: St005_Vor-eps-converted-to.pdf  used on input line 600
.
(pdftex.def)             Requested size: 227.62204pt x 171.12611pt.
Package epstopdf Info: Source file: <St02_Vor.eps>
(epstopdf)                    date: 2019-05-24 23:53:51
(epstopdf)                    size: 39717 bytes
(epstopdf)             Output file: <St02_Vor-eps-converted-to.pdf>
(epstopdf)                    date: 2019-05-25 13:45:34
(epstopdf)                    size: 14796 bytes
(epstopdf)             Command: <epstopdf --outfile=St02_Vor-eps-converted-to.p
df St02_Vor.eps>
(epstopdf)             \includegraphics on input line 601.
Package epstopdf Info: Output file is already uptodate.


pdfTeX warning: pdflatex.exe (file ./St02_Vor-eps-converted-to.pdf): PDF inclus
ion: found PDF version <1.7>, but at most version <1.5> allowed
<St02_Vor-eps-converted-to.pdf, id=413, 420.57124pt x 316.18124pt>
File: St02_Vor-eps-converted-to.pdf Graphic file (type pdf)
<use St02_Vor-eps-converted-to.pdf>
Package pdftex.def Info: St02_Vor-eps-converted-to.pdf  used on input line 601.

(pdftex.def)             Requested size: 227.62204pt x 171.12611pt.
Package epstopdf Info: Source file: <St1_Vor.eps>
(epstopdf)                    date: 2019-05-24 23:53:51
(epstopdf)                    size: 40766 bytes
(epstopdf)             Output file: <St1_Vor-eps-converted-to.pdf>
(epstopdf)                    date: 2019-05-25 13:45:35
(epstopdf)                    size: 14926 bytes
(epstopdf)             Command: <epstopdf --outfile=St1_Vor-eps-converted-to.pd
f St1_Vor.eps>
(epstopdf)             \includegraphics on input line 602.
Package epstopdf Info: Output file is already uptodate.


pdfTeX warning: pdflatex.exe (file ./St1_Vor-eps-converted-to.pdf): PDF inclusi
on: found PDF version <1.7>, but at most version <1.5> allowed
<St1_Vor-eps-converted-to.pdf, id=414, 420.57124pt x 316.18124pt>
File: St1_Vor-eps-converted-to.pdf Graphic file (type pdf)
<use St1_Vor-eps-converted-to.pdf>
Package pdftex.def Info: St1_Vor-eps-converted-to.pdf  used on input line 602.
(pdftex.def)             Requested size: 227.62204pt x 171.12611pt.
Package epstopdf Info: Source file: <St5_Vor.eps>
(epstopdf)                    date: 2019-05-24 23:53:50
(epstopdf)                    size: 41451 bytes
(epstopdf)             Output file: <St5_Vor-eps-converted-to.pdf>
(epstopdf)                    date: 2019-05-25 13:45:35
(epstopdf)                    size: 15196 bytes
(epstopdf)             Command: <epstopdf --outfile=St5_Vor-eps-converted-to.pd
f St5_Vor.eps>
(epstopdf)             \includegraphics on input line 603.
Package epstopdf Info: Output file is already uptodate.


pdfTeX warning: pdflatex.exe (file ./St5_Vor-eps-converted-to.pdf): PDF inclusi
on: found PDF version <1.7>, but at most version <1.5> allowed
<St5_Vor-eps-converted-to.pdf, id=415, 420.57124pt x 316.18124pt>
File: St5_Vor-eps-converted-to.pdf Graphic file (type pdf)
<use St5_Vor-eps-converted-to.pdf>
Package pdftex.def Info: St5_Vor-eps-converted-to.pdf  used on input line 603.
(pdftex.def)             Requested size: 227.62204pt x 171.12611pt.
[18 <./St05_dens_Re-eps-converted-to.pdf> <./St1_dens_Re-eps-converted-to.pdf> 
<./St2_dens_Re-eps-converted-to.pdf> <./St5_dens_Re-eps-converted-to.pdf>]
Package epstopdf Info: Source file: <StAll_Vor.eps>
(epstopdf)                    date: 2019-05-24 21:25:24
(epstopdf)                    size: 65972 bytes
(epstopdf)             Output file: <StAll_Vor-eps-converted-to.pdf>
(epstopdf)                    date: 2019-05-25 13:45:36
(epstopdf)                    size: 23627 bytes
(epstopdf)             Command: <epstopdf --outfile=StAll_Vor-eps-converted-to.
pdf StAll_Vor.eps>
(epstopdf)             \includegraphics on input line 613.
Package epstopdf Info: Output file is already uptodate.


pdfTeX warning: pdflatex.exe (file ./StAll_Vor-eps-converted-to.pdf): PDF inclu
sion: found PDF version <1.7>, but at most version <1.5> allowed
<StAll_Vor-eps-converted-to.pdf, id=496, 420.57124pt x 316.18124pt>
File: StAll_Vor-eps-converted-to.pdf Graphic file (type pdf)
<use StAll_Vor-eps-converted-to.pdf>
Package pdftex.def Info: StAll_Vor-eps-converted-to.pdf  used on input line 613
.
(pdftex.def)             Requested size: 455.24408pt x 342.25223pt.
[19 <./St005_Vor-eps-converted-to.pdf> <./St02_Vor-eps-converted-to.pdf> <./St1
_Vor-eps-converted-to.pdf> <./St5_Vor-eps-converted-to.pdf>]
Underfull \hbox (badness 10000) in paragraph at lines 623--626

 []


Underfull \hbox (badness 10000) in paragraph at lines 623--626

 []


Underfull \hbox (badness 10000) in paragraph at lines 623--626

 []

Package epstopdf Info: Source file: <St005_Vor_normal.eps>
(epstopdf)                    date: 2019-05-24 21:26:12
(epstopdf)                    size: 34224 bytes
(epstopdf)             Output file: <St005_Vor_normal-eps-converted-to.pdf>
(epstopdf)                    date: 2019-05-25 13:45:37
(epstopdf)                    size: 16133 bytes
(epstopdf)             Command: <epstopdf --outfile=St005_Vor_normal-eps-conver
ted-to.pdf St005_Vor_normal.eps>
(epstopdf)             \includegraphics on input line 629.
Package epstopdf Info: Output file is already uptodate.


pdfTeX warning: pdflatex.exe (file ./St005_Vor_normal-eps-converted-to.pdf): PD
F inclusion: found PDF version <1.7>, but at most version <1.5> allowed
<St005_Vor_normal-eps-converted-to.pdf, id=603, 420.57124pt x 316.18124pt>
File: St005_Vor_normal-eps-converted-to.pdf Graphic file (type pdf)
<use St005_Vor_normal-eps-converted-to.pdf>
Package pdftex.def Info: St005_Vor_normal-eps-converted-to.pdf  used on input l
ine 629.
(pdftex.def)             Requested size: 227.62204pt x 171.12611pt.
Package epstopdf Info: Source file: <St02_Vor_normal.eps>
(epstopdf)                    date: 2019-05-24 21:26:11
(epstopdf)                    size: 36983 bytes
(epstopdf)             Output file: <St02_Vor_normal-eps-converted-to.pdf>
(epstopdf)                    date: 2019-05-25 13:45:37
(epstopdf)                    size: 16096 bytes
(epstopdf)             Command: <epstopdf --outfile=St02_Vor_normal-eps-convert
ed-to.pdf St02_Vor_normal.eps>
(epstopdf)             \includegraphics on input line 630.
Package epstopdf Info: Output file is already uptodate.


pdfTeX warning: pdflatex.exe (file ./St02_Vor_normal-eps-converted-to.pdf): PDF
 inclusion: found PDF version <1.7>, but at most version <1.5> allowed
<St02_Vor_normal-eps-converted-to.pdf, id=604, 420.57124pt x 316.18124pt>
File: St02_Vor_normal-eps-converted-to.pdf Graphic file (type pdf)
<use St02_Vor_normal-eps-converted-to.pdf>
Package pdftex.def Info: St02_Vor_normal-eps-converted-to.pdf  used on input li
ne 630.
(pdftex.def)             Requested size: 227.62204pt x 171.12611pt.
Package epstopdf Info: Source file: <St1_Vor_normal.eps>
(epstopdf)                    date: 2019-05-24 21:26:10
(epstopdf)                    size: 37314 bytes
(epstopdf)             Output file: <St1_Vor_normal-eps-converted-to.pdf>
(epstopdf)                    date: 2019-05-25 13:45:38
(epstopdf)                    size: 16064 bytes
(epstopdf)             Command: <epstopdf --outfile=St1_Vor_normal-eps-converte
d-to.pdf St1_Vor_normal.eps>
(epstopdf)             \includegraphics on input line 631.
Package epstopdf Info: Output file is already uptodate.


pdfTeX warning: pdflatex.exe (file ./St1_Vor_normal-eps-converted-to.pdf): PDF 
inclusion: found PDF version <1.7>, but at most version <1.5> allowed
<St1_Vor_normal-eps-converted-to.pdf, id=605, 420.57124pt x 316.18124pt>
File: St1_Vor_normal-eps-converted-to.pdf Graphic file (type pdf)
<use St1_Vor_normal-eps-converted-to.pdf>
Package pdftex.def Info: St1_Vor_normal-eps-converted-to.pdf  used on input lin
e 631.
(pdftex.def)             Requested size: 227.62204pt x 171.12611pt.
Package epstopdf Info: Source file: <St5_Vor_normal.eps>
(epstopdf)                    date: 2019-05-24 21:26:09
(epstopdf)                    size: 37268 bytes
(epstopdf)             Output file: <St5_Vor_normal-eps-converted-to.pdf>
(epstopdf)                    date: 2019-05-25 13:45:39
(epstopdf)                    size: 16279 bytes
(epstopdf)             Command: <epstopdf --outfile=St5_Vor_normal-eps-converte
d-to.pdf St5_Vor_normal.eps>
(epstopdf)             \includegraphics on input line 632.
Package epstopdf Info: Output file is already uptodate.


pdfTeX warning: pdflatex.exe (file ./St5_Vor_normal-eps-converted-to.pdf): PDF 
inclusion: found PDF version <1.7>, but at most version <1.5> allowed
<St5_Vor_normal-eps-converted-to.pdf, id=606, 420.57124pt x 316.18124pt>
File: St5_Vor_normal-eps-converted-to.pdf Graphic file (type pdf)
<use St5_Vor_normal-eps-converted-to.pdf>
Package pdftex.def Info: St5_Vor_normal-eps-converted-to.pdf  used on input lin
e 632.
(pdftex.def)             Requested size: 227.62204pt x 171.12611pt.
[20 <./StAll_Vor-eps-converted-to.pdf>]
Package epstopdf Info: Source file: <St05_Vor_Re.eps>
(epstopdf)                    date: 2019-05-25 00:02:08
(epstopdf)                    size: 34522 bytes
(epstopdf)             Output file: <St05_Vor_Re-eps-converted-to.pdf>
(epstopdf)                    date: 2019-05-25 13:45:39
(epstopdf)                    size: 12402 bytes
(epstopdf)             Command: <epstopdf --outfile=St05_Vor_Re-eps-converted-t
o.pdf St05_Vor_Re.eps>
(epstopdf)             \includegraphics on input line 642.
Package epstopdf Info: Output file is already uptodate.


pdfTeX warning: pdflatex.exe (file ./St05_Vor_Re-eps-converted-to.pdf): PDF inc
lusion: found PDF version <1.7>, but at most version <1.5> allowed
<St05_Vor_Re-eps-converted-to.pdf, id=639, 408.52625pt x 314.17375pt>
File: St05_Vor_Re-eps-converted-to.pdf Graphic file (type pdf)
<use St05_Vor_Re-eps-converted-to.pdf>
Package pdftex.def Info: St05_Vor_Re-eps-converted-to.pdf  used on input line 6
42.
(pdftex.def)             Requested size: 227.62204pt x 175.05402pt.
Package epstopdf Info: Source file: <St1_Vor_Re.eps>
(epstopdf)                    date: 2019-05-25 00:08:47
(epstopdf)                    size: 33683 bytes
(epstopdf)             Output file: <St1_Vor_Re-eps-converted-to.pdf>
(epstopdf)                    date: 2019-05-25 13:45:40
(epstopdf)                    size: 11718 bytes
(epstopdf)             Command: <epstopdf --outfile=St1_Vor_Re-eps-converted-to
.pdf St1_Vor_Re.eps>
(epstopdf)             \includegraphics on input line 643.
Package epstopdf Info: Output file is already uptodate.


pdfTeX warning: pdflatex.exe (file ./St1_Vor_Re-eps-converted-to.pdf): PDF incl
usion: found PDF version <1.7>, but at most version <1.5> allowed
<St1_Vor_Re-eps-converted-to.pdf, id=640, 408.52625pt x 314.17375pt>
File: St1_Vor_Re-eps-converted-to.pdf Graphic file (type pdf)
<use St1_Vor_Re-eps-converted-to.pdf>
Package pdftex.def Info: St1_Vor_Re-eps-converted-to.pdf  used on input line 64
3.
(pdftex.def)             Requested size: 227.62204pt x 175.05402pt.
Package epstopdf Info: Source file: <St2_Vor_Re.eps>
(epstopdf)                    date: 2019-05-25 00:15:28
(epstopdf)                    size: 34271 bytes
(epstopdf)             Output file: <St2_Vor_Re-eps-converted-to.pdf>
(epstopdf)                    date: 2019-05-25 13:45:41
(epstopdf)                    size: 11820 bytes
(epstopdf)             Command: <epstopdf --outfile=St2_Vor_Re-eps-converted-to
.pdf St2_Vor_Re.eps>
(epstopdf)             \includegraphics on input line 644.
Package epstopdf Info: Output file is already uptodate.


pdfTeX warning: pdflatex.exe (file ./St2_Vor_Re-eps-converted-to.pdf): PDF incl
usion: found PDF version <1.7>, but at most version <1.5> allowed
<St2_Vor_Re-eps-converted-to.pdf, id=641, 408.52625pt x 314.17375pt>
File: St2_Vor_Re-eps-converted-to.pdf Graphic file (type pdf)
<use St2_Vor_Re-eps-converted-to.pdf>
Package pdftex.def Info: St2_Vor_Re-eps-converted-to.pdf  used on input line 64
4.
(pdftex.def)             Requested size: 227.62204pt x 175.05402pt.
Package epstopdf Info: Source file: <St5_Vor_Re.eps>
(epstopdf)                    date: 2019-05-24 23:52:32
(epstopdf)                    size: 34326 bytes
(epstopdf)             Output file: <St5_Vor_Re-eps-converted-to.pdf>
(epstopdf)                    date: 2019-05-25 13:45:41
(epstopdf)                    size: 12073 bytes
(epstopdf)             Command: <epstopdf --outfile=St5_Vor_Re-eps-converted-to
.pdf St5_Vor_Re.eps>
(epstopdf)             \includegraphics on input line 645.
Package epstopdf Info: Output file is already uptodate.


pdfTeX warning: pdflatex.exe (file ./St5_Vor_Re-eps-converted-to.pdf): PDF incl
usion: found PDF version <1.7>, but at most version <1.5> allowed
<St5_Vor_Re-eps-converted-to.pdf, id=642, 408.52625pt x 314.17375pt>
File: St5_Vor_Re-eps-converted-to.pdf Graphic file (type pdf)
<use St5_Vor_Re-eps-converted-to.pdf>
Package pdftex.def Info: St5_Vor_Re-eps-converted-to.pdf  used on input line 64
5.
(pdftex.def)             Requested size: 227.62204pt x 175.05402pt.
[21 <./St005_Vor_normal-eps-converted-to.pdf> <./St02_Vor_normal-eps-converted-
to.pdf> <./St1_Vor_normal-eps-converted-to.pdf> <./St5_Vor_normal-eps-converted
-to.pdf>] [22 <./St05_Vor_Re-eps-converted-to.pdf> <./St1_Vor_Re-eps-converted-
to.pdf> <./St2_Vor_Re-eps-converted-to.pdf> <./St5_Vor_Re-eps-converted-to.pdf>
]
Underfull \hbox (badness 10000) in paragraph at lines 691--695

 []


Underfull \hbox (badness 10000) in paragraph at lines 691--695

 []


Underfull \hbox (badness 10000) in paragraph at lines 691--695

 []

[23]
<005.png, id=884, 394.47375pt x 301.125pt>
File: 005.png Graphic file (type png)
<use 005.png>
Package pdftex.def Info: 005.png  used on input line 698.
(pdftex.def)             Requested size: 394.47278pt x 301.12425pt.
<02.png, id=885, 399.74344pt x 301.125pt>
File: 02.png Graphic file (type png)
<use 02.png>
Package pdftex.def Info: 02.png  used on input line 702.
(pdftex.def)             Requested size: 399.74245pt x 301.12425pt.
 [24 <./005.png> <./02.png>]
<1.png, id=892, 383.93437pt x 301.125pt>
File: 1.png Graphic file (type png)
<use 1.png>
Package pdftex.def Info: 1.png  used on input line 707.
(pdftex.def)             Requested size: 383.93343pt x 301.12425pt.
<5.png, id=893, 395.97937pt x 301.125pt>
File: 5.png Graphic file (type png)
<use 5.png>
Package pdftex.def Info: 5.png  used on input line 711.
(pdftex.def)             Requested size: 395.97841pt x 301.12425pt.
 [25 <./1.png> <./5.png>]
Package atveryend Info: Empty hook `BeforeClearDocument' on input line 716.
Package atveryend Info: Empty hook `AfterLastShipout' on input line 716.
 (TER.aux)
Package atveryend Info: Executing hook `AtVeryEndDocument' on input line 716.
Package atveryend Info: Executing hook `AtEndAfterFileList' on input line 716.
Package rerunfilecheck Info: File `TER.out' has not changed.
(rerunfilecheck)             Checksum: 4B0CD14C8F5E443B94FE26DFB4B38FA6;1174.


LaTeX Warning: Label(s) may have changed. Rerun to get cross-references right.

Package atveryend Info: Empty hook `AtVeryVeryEnd' on input line 716.
 ) 
Here is how much of TeX's memory you used:
 28642 strings out of 492946
 549052 string characters out of 3124045
 737063 words of memory out of 3000000
 32041 multiletter control sequences out of 15000+200000
 543918 words of font info for 68 fonts, out of 3000000 for 9000
 1141 hyphenation exceptions out of 8191
 55i,10n,71p,1094b,485s stack positions out of 5000i,500n,10000p,200000b,50000s
<C:/Users/Moli Oujia/AppData/Local/Programs/MiKTeX 2.9/fonts/type1/public/ams
fonts/cm/cmbx12.pfb><C:/Users/Moli Oujia/AppData/Local/Programs/MiKTeX 2.9/font
s/type1/public/amsfonts/cm/cmcsc10.pfb><C:/Users/Moli Oujia/AppData/Local/Progr
ams/MiKTeX 2.9/fonts/type1/public/amsfonts/cm/cmex10.pfb><C:/Users/Moli Oujia/A
ppData/Local/Programs/MiKTeX 2.9/fonts/type1/public/amsfonts/cm/cmmi12.pfb><C:/
Users/Moli Oujia/AppData/Local/Programs/MiKTeX 2.9/fonts/type1/public/amsfonts/
cm/cmmi6.pfb><C:/Users/Moli Oujia/AppData/Local/Programs/MiKTeX 2.9/fonts/type1
/public/amsfonts/cm/cmmi8.pfb><C:/Users/Moli Oujia/AppData/Local/Programs/MiKTe
X 2.9/fonts/type1/public/amsfonts/cm/cmr12.pfb><C:/Users/Moli Oujia/AppData/Loc
al/Programs/MiKTeX 2.9/fonts/type1/public/amsfonts/cm/cmr8.pfb><C:/Users/Moli O
ujia/AppData/Local/Programs/MiKTeX 2.9/fonts/type1/public/amsfonts/cm/cmsy10.pf
b><C:/Users/Moli Oujia/AppData/Local/Programs/MiKTeX 2.9/fonts/type1/public/ams
fonts/cm/cmsy6.pfb><C:/Users/Moli Oujia/AppData/Local/Programs/MiKTeX 2.9/fonts
/type1/public/amsfonts/cm/cmsy8.pfb><C:/Users/Moli Oujia/AppData/Local/Programs
/MiKTeX 2.9/fonts/type1/public/amsfonts/cm/cmti12.pfb><C:/Users/Moli Oujia/AppD
ata/Local/Programs/MiKTeX 2.9/fonts/type1/public/amsfonts/cm/cmti8.pfb><C:/User
s/Moli Oujia/AppData/Local/Programs/MiKTeX 2.9/fonts/type1/public/amsfonts/cm/c
mtt12.pfb><C:/Users/Moli Oujia/AppData/Local/Programs/MiKTeX 2.9/fonts/type1/pu
blic/amsfonts/symbols/msbm10.pfb>
Output written on TER.pdf (25 pages, 10021444 bytes).
PDF statistics:
 970 PDF objects out of 1000 (max. 8388607)
 96 named destinations out of 1000 (max. 500000)
 300 words of extra memory for PDF output out of 10000 (max. 10000000)

